-------------------------------------------------------------------------------
Test set: Testing create user reqres API
-------------------------------------------------------------------------------
Tests run: 1, Failures: 1, Errors: 0, Skipped: 0, Time elapsed: 7.486 s <<< FAILURE! - in Testing create user reqres API
Testing create user reqres API.Post create new user with empty json file  Time elapsed: 7.486 s  <<< FAILURE!
java.lang.AssertionError: 
1 expectation failed.
Expected status code <400> but was <201>.


