-------------------------------------------------------------------------------
Test set: Testing delete user reqres API
-------------------------------------------------------------------------------
Tests run: 1, Failures: 1, Errors: 0, Skipped: 0, Time elapsed: 0.761 s <<< FAILURE! - in Testing delete user reqres API
Testing delete user reqres API.Delete user with invalid parameter id  Time elapsed: 0.761 s  <<< FAILURE!
java.lang.AssertionError: 
1 expectation failed.
Expected status code <400> but was <204>.


