-------------------------------------------------------------------------------
Test set: Testing get list user reqres API
-------------------------------------------------------------------------------
Tests run: 1, Failures: 1, Errors: 0, Skipped: 0, Time elapsed: 0.64 s <<< FAILURE! - in Testing get list user reqres API
Testing get list user reqres API.Get list users with invalid parameter page  Time elapsed: 0.64 s  <<< FAILURE!
java.lang.AssertionError: 
1 expectation failed.
Expected status code <404> but was <200>.


