<?xml version="1.0" encoding="UTF-8"?><testsuite errors="0" failures="1" name="Testing create user reqres API" skipped="0" tests="1" time="7.24" timestamp="2023-02-14 11:14:59"><testcase name="Post create new user with empty json file"><failure message="1 expectation failed.&#10;Expected status code &lt;400&gt; but was &lt;201&gt;.&#10;" type="java.lang.AssertionError">1 expectation failed.
Expected status code &lt;400&gt; but was &lt;201&gt;.
</failure><system-err>1 expectation failed.
Expected status code &lt;400&gt; but was &lt;201&gt;.

io.restassured.internal.ResponseSpecificationImpl.validateResponseIfRequired(ResponseSpecificationImpl.groovy:674)
io.restassured.internal.ResponseSpecificationImpl.statusCode(ResponseSpecificationImpl.groovy:126)
io.restassured.internal.ResponseSpecificationImpl.statusCode(ResponseSpecificationImpl.groovy:134)
io.restassured.internal.ValidatableResponseOptionsImpl.statusCode(ValidatableResponseOptionsImpl.java:89)
io.restassured.internal.ValidatableResponseImpl.super$2$statusCode(ValidatableResponseImpl.groovy)
groovy.lang.MetaMethod.doMethodInvoke(MetaMethod.java:323)
groovy.lang.MetaClassImpl.invokeMethod(MetaClassImpl.java:1267)
io.restassured.internal.ValidatableResponseImpl.statusCode(ValidatableResponseImpl.groovy:142)
io.restassured.internal.ValidatableResponseImpl.statusCode(ValidatableResponseImpl.groovy)
starter.Reqres.StepDef.UserLogin.statusCodeShouldBeBadRequest(UserLogin.java:55)
✽.Status code should be 400 Bad Request(classpath:features/Reqres/CreateUser.feature:14)
</system-err></testcase></testsuite>